<?xml version="1.0" encoding="UTF-8"?>
<testsuite xmlns:xsi="http://www.w3.org/2001/XMLSchema-instance" xsi:noNamespaceSchemaLocation="https://maven.apache.org/surefire/maven-surefire-plugin/xsd/surefire-test-report.xsd" version="3.0.2" name="edu.project.upload.integrations.TestUpload" time="18.635" tests="16" errors="0" skipped="0" failures="0">
  <properties>
[...]
</properties>
  <testcase name="testRenameFile" classname="edu.project.upload.integrations.TestUpload" time="2.745">
    <system-out><![CDATA[14:51:42.314 [main] INFO org.springframework.test.context.support.AnnotationConfigContextLoaderUtils -- Could not detect default configuration classes for test class [edu.project.upload.integrations.TestUpload]: TestUpload does not declare any static, non-private, non-final, nested classes annotated with @Configuration.
14:51:42.614 [main] INFO org.springframework.boot.test.context.SpringBootTestContextBootstrapper -- Found @SpringBootConfiguration edu.project.upload.UploadServiceApplication for test class edu.project.upload.integrations.TestUpload

  .   ____          _            __ _ _
 /\\ / ___'_ __ _ _(_)_ __  __ _ \ \ \ \
( ( )\___ | '_ | '_| | '_ \/ _` | \ \ \ \
 \\/  ___)| |_)| | | | | || (_| |  ) ) ) )
  '  |____| .__|_| |_|_| |_\__, | / / / /
 =========|_|==============|___/=/_/_/_/

 :: Spring Boot ::                (v3.5.3)

2025-09-25T14:51:43.603+04:00  INFO 33758 --- [           main] e.p.upload.integrations.TestUpload       : Starting TestUpload using Java 21.0.6 with PID 33758 (started by evgeny.lazarev in /Users/evgeny.lazarev/IdeaProjects/upload-service)
2025-09-25T14:51:43.606+04:00  INFO 33758 --- [           main] e.p.upload.integrations.TestUpload       : No active profile set, falling back to 1 default profile: "default"
2025-09-25T14:51:44.972+04:00  INFO 33758 --- [           main] .s.d.r.c.RepositoryConfigurationDelegate : Bootstrapping Spring Data MongoDB repositories in DEFAULT mode.
2025-09-25T14:51:45.085+04:00  INFO 33758 --- [           main] .s.d.r.c.RepositoryConfigurationDelegate : Finished Spring Data repository scanning in 98 ms. Found 1 MongoDB repository interface.
2025-09-25T14:51:45.949+04:00  INFO 33758 --- [           main] org.mongodb.driver.client                : MongoClient with metadata {"driver": {"name": "mongo-java-driver|sync|spring-boot", "version": "5.5.1"}, "os": {"type": "Darwin", "name": "Mac OS X", "architecture": "x86_64", "version": "15.3.2"}, "platform": "Java/Amazon.com Inc./21.0.6+7-LTS"} created with settings MongoClientSettings{readPreference=primary, writeConcern=WriteConcern{w=null, wTimeout=null ms, journal=null}, retryWrites=true, retryReads=true, readConcern=ReadConcern{level=null}, credential=MongoCredential{mechanism=null, userName='appuser', source='upload', password=<hidden>, mechanismProperties=<hidden>}, transportSettings=null, commandListeners=[], codecRegistry=ProvidersCodecRegistry{codecProviders=[ValueCodecProvider{}, BsonValueCodecProvider{}, DBRefCodecProvider{}, DBObjectCodecProvider{}, DocumentCodecProvider{}, CollectionCodecProvider{}, IterableCodecProvider{}, MapCodecProvider{}, GeoJsonCodecProvider{}, GridFSFileCodecProvider{}, Jsr310CodecProvider{}, JsonObjectCodecProvider{}, BsonCodecProvider{}, EnumCodecProvider{}, com.mongodb.client.model.mql.ExpressionCodecProvider@61ff6a49, com.mongodb.Jep395RecordCodecProvider@18dd5ed3, com.mongodb.KotlinCodecProvider@6042d663]}, loggerSettings=LoggerSettings{maxDocumentLength=1000}, clusterSettings={hosts=[localhost:27017], srvServiceName=mongodb, mode=SINGLE, requiredClusterType=UNKNOWN, requiredReplicaSetName='null', serverSelector='null', clusterListeners='[]', serverSelectionTimeout='30000 ms', localThreshold='15 ms'}, socketSettings=SocketSettings{connectTimeoutMS=10000, readTimeoutMS=0, receiveBufferSize=0, proxySettings=ProxySettings{host=null, port=null, username=null, password=null}}, heartbeatSocketSettings=SocketSettings{connectTimeoutMS=10000, readTimeoutMS=10000, receiveBufferSize=0, proxySettings=ProxySettings{host=null, port=null, username=null, password=null}}, connectionPoolSettings=ConnectionPoolSettings{maxSize=100, minSize=0, maxWaitTimeMS=120000, maxConnectionLifeTimeMS=0, maxConnectionIdleTimeMS=0, maintenanceInitialDelayMS=0, maintenanceFrequencyMS=60000, connectionPoolListeners=[], maxConnecting=2}, serverSettings=ServerSettings{heartbeatFrequencyMS=10000, minHeartbeatFrequencyMS=500, serverMonitoringMode=AUTO, serverListeners='[]', serverMonitorListeners='[]'}, sslSettings=SslSettings{enabled=false, invalidHostNameAllowed=false, context=null}, applicationName='null', compressorList=[], uuidRepresentation=JAVA_LEGACY, serverApi=null, autoEncryptionSettings=null, dnsClient=null, inetAddressResolver=null, contextProvider=null, timeoutMS=null}
2025-09-25T14:51:46.141+04:00  INFO 33758 --- [localhost:27017] org.mongodb.driver.cluster               : Monitor thread successfully connected to server with description ServerDescription{address=localhost:27017, type=STANDALONE, cryptd=false, state=CONNECTED, ok=true, minWireVersion=0, maxWireVersion=21, maxDocumentSize=16777216, logicalSessionTimeoutMinutes=30, roundTripTimeNanos=51401060, minRoundTripTimeNanos=0}
2025-09-25T14:51:47.433+04:00  INFO 33758 --- [           main] e.p.upload.integrations.TestUpload       : Started TestUpload in 4.512 seconds (process running for 7.429)
]]></system-out>
    <system-err><![CDATA[Mockito is currently self-attaching to enable the inline-mock-maker. This will no longer work in future releases of the JDK. Please add Mockito as an agent to your build as described in Mockito's documentation: https://javadoc.io/doc/org.mockito/mockito-core/latest/org.mockito/org/mockito/Mockito.html#0.3
WARNING: A Java agent has been loaded dynamically (/Users/evgeny.lazarev/.m2/repository/net/bytebuddy/byte-buddy-agent/1.17.6/byte-buddy-agent-1.17.6.jar)
WARNING: If a serviceability tool is in use, please run with -XX:+EnableDynamicAgentLoading to hide this warning
WARNING: If a serviceability tool is not in use, please run with -Djdk.instrument.traceUsage for more information
WARNING: Dynamic loading of agents will be disallowed by default in a future release
]]></system-err>
  </testcase>
  <testcase name="testFilterByTags" classname="edu.project.upload.integrations.TestUpload" time="0.058"/>
  <testcase name="testUploadBigFile" classname="edu.project.upload.integrations.TestUpload" time="9.279"/>
  <testcase name="testPaginationAndSorting" classname="edu.project.upload.integrations.TestUpload" time="0.449"/>
  <testcase name="testUploadSameContent" classname="edu.project.upload.integrations.TestUpload" time="0.046"/>
  <testcase name="testInvalidFileDownload" classname="edu.project.upload.integrations.TestUpload" time="0.014"/>
  <testcase name="testUploadSameFileName" classname="edu.project.upload.integrations.TestUpload" time="0.034"/>
  <testcase name="testUnauthorizedFileDeletion" classname="edu.project.upload.integrations.TestUpload" time="0.035"/>
  <testcase name="testDeleteOwnFile" classname="edu.project.upload.integrations.TestUpload" time="0.062"/>
  <testcase name="testTagCreationAndCaseInsensitiveFilter" classname="edu.project.upload.integrations.TestUpload" time="0.038"/>
  <testcase name="testDeleteFile" classname="edu.project.upload.integrations.TestUpload" time="0.057"/>
  <testcase name="testListPublicFiles" classname="edu.project.upload.integrations.TestUpload" time="0.069"/>
  <testcase name="testChangeVisibility" classname="edu.project.upload.integrations.TestUpload" time="0.048"/>
  <testcase name="testDeleteFileNotOwned" classname="edu.project.upload.integrations.TestUpload" time="0.051"/>
  <testcase name="testPreventDuplicateUploads" classname="edu.project.upload.integrations.TestUpload" time="0.031"/>
  <testcase name="testDownloadFile" classname="edu.project.upload.integrations.TestUpload" time="0.056"/>
</testsuite>